javax.imageio.IIOException: Can't read input file!
	at javax.imageio.ImageIO.read(Unknown Source)
	at org.crazyit.flashget.util.ImageUtil.getImage(ImageUtil.java:60)
	at org.crazyit.flashget.ui.MainFrame.<init>(MainFrame.java:149)
	at org.crazyit.flashget.Main.main(Main.java:18)
	at sun.reflect.NativeMethodAccessorImpl.invoke0(Native Method)
	at sun.reflect.NativeMethodAccessorImpl.invoke(Unknown Source)
	at sun.reflect.DelegatingMethodAccessorImpl.invoke(Unknown Source)
	at java.lang.reflect.Method.invoke(Unknown Source)
	at com.exe4j.runtime.LauncherEngine.launch(Unknown Source)
	at com.exe4j.runtime.WinLauncher.main(Unknown Source)
javax.imageio.IIOException: Can't read input file!
	at javax.imageio.ImageIO.read(Unknown Source)
	at org.crazyit.flashget.util.ImageUtil.getImage(ImageUtil.java:60)
	at org.crazyit.flashget.ui.SuspendWindow.<init>(SuspendWindow.java:34)
	at org.crazyit.flashget.ui.MainFrame.<init>(MainFrame.java:159)
	at org.crazyit.flashget.Main.main(Main.java:18)
	at sun.reflect.NativeMethodAccessorImpl.invoke0(Native Method)
	at sun.reflect.NativeMethodAccessorImpl.invoke(Unknown Source)
	at sun.reflect.DelegatingMethodAccessorImpl.invoke(Unknown Source)
	at java.lang.reflect.Method.invoke(Unknown Source)
	at com.exe4j.runtime.LauncherEngine.launch(Unknown Source)
	at com.exe4j.runtime.WinLauncher.main(Unknown Source)
java.lang.IllegalArgumentException: creating TrayIcon with null Image
	at java.awt.TrayIcon.<init>(Unknown Source)
	at java.awt.TrayIcon.<init>(Unknown Source)
	at java.awt.TrayIcon.<init>(Unknown Source)
	at org.crazyit.flashget.ui.MainFrame.createTrayIcon(MainFrame.java:213)
	at org.crazyit.flashget.ui.MainFrame.<init>(MainFrame.java:161)
	at org.crazyit.flashget.Main.main(Main.java:18)
	at sun.reflect.NativeMethodAccessorImpl.invoke0(Native Method)
	at sun.reflect.NativeMethodAccessorImpl.invoke(Unknown Source)
	at sun.reflect.DelegatingMethodAccessorImpl.invoke(Unknown Source)
	at java.lang.reflect.Method.invoke(Unknown Source)
	at com.exe4j.runtime.LauncherEngine.launch(Unknown Source)
	at com.exe4j.runtime.WinLauncher.main(Unknown Source)
java.lang.NullPointerException
	at org.crazyit.flashget.ui.MainFrame.initlisteners(MainFrame.java:251)
	at org.crazyit.flashget.ui.MainFrame.<init>(MainFrame.java:189)
	at org.crazyit.flashget.Main.main(Main.java:18)
	at sun.reflect.NativeMethodAccessorImpl.invoke0(Native Method)
	at sun.reflect.NativeMethodAccessorImpl.invoke(Unknown Source)
	at sun.reflect.DelegatingMethodAccessorImpl.invoke(Unknown Source)
	at java.lang.reflect.Method.invoke(Unknown Source)
	at com.exe4j.runtime.LauncherEngine.launch(Unknown Source)
	at com.exe4j.runtime.WinLauncher.main(Unknown Source)
